Flow report for Lab5
Fri Apr 17 16:38:29 2015
Quartus II 32-bit Version 13.0.1 Build 232 06/12/2013 Service Pack 1 SJ Full Version


---------------------
; Table of Contents ;
---------------------
  1. Legal Notice
  2. Flow Summary
  3. Flow Settings
  4. Flow Non-Default Global Settings
  5. Flow Elapsed Time
  6. Flow OS Summary
  7. Flow Log
  8. Flow Messages
  9. Flow Suppressed Messages



----------------
; Legal Notice ;
----------------
Copyright (C) 1991-2013 Altera Corporation
Your use of Altera Corporation's design tools, logic functions 
and other software and tools, and its AMPP partner logic 
functions, and any output files from any of the foregoing 
(including device programming or simulation files), and any 
associated documentation or information are expressly subject 
to the terms and conditions of the Altera Program License 
Subscription Agreement, Altera MegaCore Function License 
Agreement, or other applicable license agreement, including, 
without limitation, that your use is for the sole purpose of 
programming logic devices manufactured by Altera and sold by 
Altera or its authorized distributors.  Please refer to the 
applicable agreement for further details.



+---------------------------------------------------------------------------------------+
; Flow Summary                                                                          ;
+------------------------------------+--------------------------------------------------+
; Flow Status                        ; Successful - Fri Apr 17 16:38:29 2015            ;
; Quartus II 32-bit Version          ; 13.0.1 Build 232 06/12/2013 SP 1 SJ Full Version ;
; Revision Name                      ; Lab5                                             ;
; Top-level Entity Name              ; Lab5_Processor                                   ;
; Family                             ; Cyclone IV E                                     ;
; Device                             ; EP4CE115F29C7                                    ;
; Timing Models                      ; Final                                            ;
; Total logic elements               ; 236 / 114,480 ( < 1 % )                          ;
;     Total combinational functions  ; 182 / 114,480 ( < 1 % )                          ;
;     Dedicated logic registers      ; 164 / 114,480 ( < 1 % )                          ;
; Total registers                    ; 333                                              ;
; Total pins                         ; 205 / 529 ( 39 % )                               ;
; Total virtual pins                 ; 0                                                ;
; Total memory bits                  ; 0 / 3,981,312 ( 0 % )                            ;
; Embedded Multiplier 9-bit elements ; 0 / 532 ( 0 % )                                  ;
; Total PLLs                         ; 0 / 4 ( 0 % )                                    ;
+------------------------------------+--------------------------------------------------+


+-----------------------------------------+
; Flow Settings                           ;
+-------------------+---------------------+
; Option            ; Setting             ;
+-------------------+---------------------+
; Start date & time ; 04/17/2015 16:37:30 ;
; Main task         ; Compilation         ;
; Revision Name     ; Lab5                ;
+-------------------+---------------------+


+-----------------------------------------------------------------------------------------------------------------------------------------+
; Flow Non-Default Global Settings                                                                                                        ;
+--------------------------------------+----------------------------------------+---------------+----------------+------------------------+
; Assignment Name                      ; Value                                  ; Default Value ; Entity Name    ; Section Id             ;
+--------------------------------------+----------------------------------------+---------------+----------------+------------------------+
; COMPILER_SIGNATURE_ID                ; 132129495699113.142930305022699        ; --            ; --             ; --                     ;
; EDA_DESIGN_INSTANCE_NAME             ; NA                                     ; --            ; --             ; Lab5_Reg_vhd_tst       ;
; EDA_DESIGN_INSTANCE_NAME             ; NA                                     ; --            ; --             ; Lab5_IR_vhd_tst        ;
; EDA_DESIGN_INSTANCE_NAME             ; NA                                     ; --            ; --             ; Lab5_Mux_vhd_tst       ;
; EDA_DESIGN_INSTANCE_NAME             ; NA                                     ; --            ; --             ; Lab5_AddSub_vhd_tst    ;
; EDA_DESIGN_INSTANCE_NAME             ; NA                                     ; --            ; --             ; Lab5_Decoder_vhd_tst   ;
; EDA_DESIGN_INSTANCE_NAME             ; NA                                     ; --            ; --             ; Lab5_Ctrl_tst_vhd_tst  ;
; EDA_DESIGN_INSTANCE_NAME             ; NA                                     ; --            ; --             ; Lab5_Processor_vhd_tst ;
; EDA_DESIGN_INSTANCE_NAME             ; NA                                     ; --            ; --             ; Lab5_Counter_vhd_tst   ;
; EDA_DESIGN_INSTANCE_NAME             ; NA                                     ; --            ; --             ; Lab5_Main_vhd_tst      ;
; EDA_NATIVELINK_SIMULATION_TEST_BENCH ; Lab5_Processor_vhd_tst                 ; --            ; --             ; eda_simulation         ;
; EDA_OUTPUT_DATA_FORMAT               ; Vhdl                                   ; --            ; --             ; eda_simulation         ;
; EDA_SIMULATION_TOOL                  ; ModelSim-Altera (VHDL)                 ; <None>        ; --             ; --                     ;
; EDA_TEST_BENCH_ENABLE_STATUS         ; TEST_BENCH_MODE                        ; --            ; --             ; eda_simulation         ;
; EDA_TEST_BENCH_FILE                  ; simulation/modelsim/Lab5_Reg.vht       ; --            ; --             ; Lab5_Reg_vhd_tst       ;
; EDA_TEST_BENCH_FILE                  ; simulation/modelsim/Lab5_IR.vht        ; --            ; --             ; Lab5_IR_vhd_tst        ;
; EDA_TEST_BENCH_FILE                  ; simulation/modelsim/Lab5_Mux.vht       ; --            ; --             ; Lab5_Mux_vhd_tst       ;
; EDA_TEST_BENCH_FILE                  ; simulation/modelsim/Lab5_AddSub.vht    ; --            ; --             ; Lab5_AddSub_vhd_tst    ;
; EDA_TEST_BENCH_FILE                  ; simulation/modelsim/Lab5_Decoder.vht   ; --            ; --             ; Lab5_Decoder_vhd_tst   ;
; EDA_TEST_BENCH_FILE                  ; simulation/modelsim/Lab5_Ctrl_tst.vht  ; --            ; --             ; Lab5_Ctrl_tst_vhd_tst  ;
; EDA_TEST_BENCH_FILE                  ; simulation/modelsim/Lab5_Processor.vht ; --            ; --             ; Lab5_Processor_vhd_tst ;
; EDA_TEST_BENCH_FILE                  ; simulation/modelsim/Lab5_Counter.vht   ; --            ; --             ; Lab5_Counter_vhd_tst   ;
; EDA_TEST_BENCH_FILE                  ; simulation/modelsim/Lab5_Main.vht      ; --            ; --             ; Lab5_Main_vhd_tst      ;
; EDA_TEST_BENCH_MODULE_NAME           ; Lab5_Reg_vhd_tst                       ; --            ; --             ; Lab5_Reg_vhd_tst       ;
; EDA_TEST_BENCH_MODULE_NAME           ; Lab5_IR_vhd_tst                        ; --            ; --             ; Lab5_IR_vhd_tst        ;
; EDA_TEST_BENCH_MODULE_NAME           ; Lab5_Mux_vhd_tst                       ; --            ; --             ; Lab5_Mux_vhd_tst       ;
; EDA_TEST_BENCH_MODULE_NAME           ; Lab5_AddSub_vhd_tst                    ; --            ; --             ; Lab5_AddSub_vhd_tst    ;
; EDA_TEST_BENCH_MODULE_NAME           ; Lab5_Decoder_vhd_tst                   ; --            ; --             ; Lab5_Decoder_vhd_tst   ;
; EDA_TEST_BENCH_MODULE_NAME           ; Lab5_Ctrl_tst_vhd_tst                  ; --            ; --             ; Lab5_Ctrl_tst_vhd_tst  ;
; EDA_TEST_BENCH_MODULE_NAME           ; Lab5_Processor_vhd_tst                 ; --            ; --             ; Lab5_Processor_vhd_tst ;
; EDA_TEST_BENCH_MODULE_NAME           ; Lab5_Counter_vhd_tst                   ; --            ; --             ; Lab5_Counter_vhd_tst   ;
; EDA_TEST_BENCH_MODULE_NAME           ; Lab5_Main_vhd_tst                      ; --            ; --             ; Lab5_Main_vhd_tst      ;
; EDA_TEST_BENCH_NAME                  ; Lab5_Reg_vhd_tst                       ; --            ; --             ; eda_simulation         ;
; EDA_TEST_BENCH_NAME                  ; Lab5_IR_vhd_tst                        ; --            ; --             ; eda_simulation         ;
; EDA_TEST_BENCH_NAME                  ; Lab5_Mux_vhd_tst                       ; --            ; --             ; eda_simulation         ;
; EDA_TEST_BENCH_NAME                  ; Lab5_AddSub_vhd_tst                    ; --            ; --             ; eda_simulation         ;
; EDA_TEST_BENCH_NAME                  ; Lab5_Decoder_vhd_tst                   ; --            ; --             ; eda_simulation         ;
; EDA_TEST_BENCH_NAME                  ; Lab5_Ctrl_tst_vhd_tst                  ; --            ; --             ; eda_simulation         ;
; EDA_TEST_BENCH_NAME                  ; Lab5_Processor_vhd_tst                 ; --            ; --             ; eda_simulation         ;
; EDA_TEST_BENCH_NAME                  ; Lab5_Counter_vhd_tst                   ; --            ; --             ; eda_simulation         ;
; EDA_TEST_BENCH_NAME                  ; Lab5_Main_vhd_tst                      ; --            ; --             ; eda_simulation         ;
; MAX_CORE_JUNCTION_TEMP               ; 85                                     ; --            ; --             ; --                     ;
; MIN_CORE_JUNCTION_TEMP               ; 0                                      ; --            ; --             ; --                     ;
; PARTITION_COLOR                      ; 16764057                               ; --            ; Lab5_Processor ; Top                    ;
; PARTITION_FITTER_PRESERVATION_LEVEL  ; PLACEMENT_AND_ROUTING                  ; --            ; Lab5_Processor ; Top                    ;
; PARTITION_NETLIST_TYPE               ; SOURCE                                 ; --            ; Lab5_Processor ; Top                    ;
; POWER_BOARD_THERMAL_MODEL            ; None (CONSERVATIVE)                    ; --            ; --             ; --                     ;
; POWER_PRESET_COOLING_SOLUTION        ; 23 MM HEAT SINK WITH 200 LFPM AIRFLOW  ; --            ; --             ; --                     ;
; PROJECT_OUTPUT_DIRECTORY             ; output_files                           ; --            ; --             ; --                     ;
; TIMEQUEST_DO_REPORT_TIMING           ; On                                     ; Off           ; --             ; --                     ;
; TOP_LEVEL_ENTITY                     ; Lab5_Processor                         ; Lab5          ; --             ; --                     ;
+--------------------------------------+----------------------------------------+---------------+----------------+------------------------+


+-------------------------------------------------------------------------------------------------------------------------------+
; Flow Elapsed Time                                                                                                             ;
+---------------------------+--------------+-------------------------+---------------------+------------------------------------+
; Module Name               ; Elapsed Time ; Average Processors Used ; Peak Virtual Memory ; Total CPU Time (on all processors) ;
+---------------------------+--------------+-------------------------+---------------------+------------------------------------+
; Analysis & Synthesis      ; 00:00:04     ; 1.0                     ; 392 MB              ; 00:00:03                           ;
; Fitter                    ; 00:00:34     ; 2.7                     ; 774 MB              ; 00:00:51                           ;
; Assembler                 ; 00:00:06     ; 1.0                     ; 347 MB              ; 00:00:06                           ;
; TimeQuest Timing Analyzer ; 00:00:05     ; 1.0                     ; 434 MB              ; 00:00:04                           ;
; EDA Netlist Writer        ; 00:00:01     ; 1.0                     ; 321 MB              ; 00:00:01                           ;
; Total                     ; 00:00:50     ; --                      ; --                  ; 00:01:05                           ;
+---------------------------+--------------+-------------------------+---------------------+------------------------------------+


+---------------------------------------------------------------------------------------------+
; Flow OS Summary                                                                             ;
+---------------------------+------------------+----------------+------------+----------------+
; Module Name               ; Machine Hostname ; OS Name        ; OS Version ; Processor type ;
+---------------------------+------------------+----------------+------------+----------------+
; Analysis & Synthesis      ; ullab11          ; Ubuntu 12.04.4 ; 12         ; x86_64         ;
; Fitter                    ; ullab11          ; Ubuntu 12.04.4 ; 12         ; x86_64         ;
; Assembler                 ; ullab11          ; Ubuntu 12.04.4 ; 12         ; x86_64         ;
; TimeQuest Timing Analyzer ; ullab11          ; Ubuntu 12.04.4 ; 12         ; x86_64         ;
; EDA Netlist Writer        ; ullab11          ; Ubuntu 12.04.4 ; 12         ; x86_64         ;
+---------------------------+------------------+----------------+------------+----------------+


------------
; Flow Log ;
------------
quartus_map --read_settings_files=on --write_settings_files=off Lab5 -c Lab5
quartus_fit --read_settings_files=off --write_settings_files=off Lab5 -c Lab5
quartus_asm --read_settings_files=off --write_settings_files=off Lab5 -c Lab5
quartus_sta Lab5 -c Lab5
quartus_eda --read_settings_files=off --write_settings_files=off Lab5 -c Lab5



