Analysis & Synthesis report for Lab4
Tue Mar 17 11:54:13 2015
Quartus II 64-Bit Version 14.1.0 Build 186 12/03/2014 SJ Web Edition


---------------------
; Table of Contents ;
---------------------
  1. Legal Notice
  2. Analysis & Synthesis Summary
  3. Analysis & Synthesis Settings
  4. Parallel Compilation
  5. Analysis & Synthesis Source Files Read
  6. Analysis & Synthesis Resource Usage Summary
  7. Analysis & Synthesis Resource Utilization by Entity
  8. State Machine - |Lab4|Lab4_Ctrl:Ctrl|state
  9. Registers Removed During Synthesis
 10. General Register Statistics
 11. Multiplexer Restructuring Statistics (Restructuring Performed)
 12. Parameter Settings for User Entity Instance: Top-level Entity: |Lab4
 13. Parameter Settings for User Entity Instance: Lab4_Ctrl:Ctrl
 14. Parameter Settings for User Entity Instance: Lab4_RegA:RegA
 15. Parameter Settings for User Entity Instance: Lab4_RegB:RegB
 16. Parameter Settings for User Entity Instance: Lab4_RegC:RegC
 17. Parameter Settings for User Entity Instance: Lab4_RegD:RegD
 18. Parameter Settings for User Entity Instance: Lab4_RegA_Mux:RegA_Mux
 19. Parameter Settings for User Entity Instance: Lab4_Adder_Mux:Adder_Mux
 20. Parameter Settings for User Entity Instance: Lab4_Adder:Adder
 21. Port Connectivity Checks: "Lab4_Adder:Adder"
 22. Port Connectivity Checks: "Lab4_RegD:RegD"
 23. Post-Synthesis Netlist Statistics for Top Partition
 24. Elapsed Time Per Partition
 25. Analysis & Synthesis Messages



----------------
; Legal Notice ;
----------------
Copyright (C) 1991-2014 Altera Corporation. All rights reserved.
Your use of Altera Corporation's design tools, logic functions 
and other software and tools, and its AMPP partner logic 
functions, and any output files from any of the foregoing 
(including device programming or simulation files), and any 
associated documentation or information are expressly subject 
to the terms and conditions of the Altera Program License 
Subscription Agreement, the Altera Quartus II License Agreement,
the Altera MegaCore Function License Agreement, or other 
applicable license agreement, including, without limitation, 
that your use is for the sole purpose of programming logic 
devices manufactured by Altera and sold by Altera or its 
authorized distributors.  Please refer to the applicable 
agreement for further details.



+---------------------------------------------------------------------------------+
; Analysis & Synthesis Summary                                                    ;
+------------------------------------+--------------------------------------------+
; Analysis & Synthesis Status        ; Successful - Tue Mar 17 11:54:13 2015      ;
; Quartus II 64-Bit Version          ; 14.1.0 Build 186 12/03/2014 SJ Web Edition ;
; Revision Name                      ; Lab4                                       ;
; Top-level Entity Name              ; Lab4                                       ;
; Family                             ; Cyclone IV E                               ;
; Total logic elements               ; 195                                        ;
;     Total combinational functions  ; 176                                        ;
;     Dedicated logic registers      ; 66                                         ;
; Total registers                    ; 66                                         ;
; Total pins                         ; 75                                         ;
; Total virtual pins                 ; 0                                          ;
; Total memory bits                  ; 0                                          ;
; Embedded Multiplier 9-bit elements ; 0                                          ;
; Total PLLs                         ; 0                                          ;
+------------------------------------+--------------------------------------------+


+----------------------------------------------------------------------------------------------------------------------+
; Analysis & Synthesis Settings                                                                                        ;
+----------------------------------------------------------------------------+--------------------+--------------------+
; Option                                                                     ; Setting            ; Default Value      ;
+----------------------------------------------------------------------------+--------------------+--------------------+
; Device                                                                     ; EP4CE115F29C7      ;                    ;
; Top-level entity name                                                      ; Lab4               ; Lab4               ;
; Family name                                                                ; Cyclone IV E       ; Cyclone IV GX      ;
; Use smart compilation                                                      ; Off                ; Off                ;
; Enable parallel Assembler and TimeQuest Timing Analyzer during compilation ; On                 ; On                 ;
; Enable compact report table                                                ; Off                ; Off                ;
; Restructure Multiplexers                                                   ; Auto               ; Auto               ;
; Create Debugging Nodes for IP Cores                                        ; Off                ; Off                ;
; Preserve fewer node names                                                  ; On                 ; On                 ;
; Disable OpenCore Plus hardware evaluation                                  ; Off                ; Off                ;
; Verilog Version                                                            ; Verilog_2001       ; Verilog_2001       ;
; VHDL Version                                                               ; VHDL_1993          ; VHDL_1993          ;
; State Machine Processing                                                   ; Auto               ; Auto               ;
; Safe State Machine                                                         ; Off                ; Off                ;
; Extract Verilog State Machines                                             ; On                 ; On                 ;
; Extract VHDL State Machines                                                ; On                 ; On                 ;
; Ignore Verilog initial constructs                                          ; Off                ; Off                ;
; Iteration limit for constant Verilog loops                                 ; 5000               ; 5000               ;
; Iteration limit for non-constant Verilog loops                             ; 250                ; 250                ;
; Add Pass-Through Logic to Inferred RAMs                                    ; On                 ; On                 ;
; Infer RAMs from Raw Logic                                                  ; On                 ; On                 ;
; Parallel Synthesis                                                         ; On                 ; On                 ;
; DSP Block Balancing                                                        ; Auto               ; Auto               ;
; NOT Gate Push-Back                                                         ; On                 ; On                 ;
; Power-Up Don't Care                                                        ; On                 ; On                 ;
; Remove Redundant Logic Cells                                               ; Off                ; Off                ;
; Remove Duplicate Registers                                                 ; On                 ; On                 ;
; Ignore CARRY Buffers                                                       ; Off                ; Off                ;
; Ignore CASCADE Buffers                                                     ; Off                ; Off                ;
; Ignore GLOBAL Buffers                                                      ; Off                ; Off                ;
; Ignore ROW GLOBAL Buffers                                                  ; Off                ; Off                ;
; Ignore LCELL Buffers                                                       ; Off                ; Off                ;
; Ignore SOFT Buffers                                                        ; On                 ; On                 ;
; Limit AHDL Integers to 32 Bits                                             ; Off                ; Off                ;
; Optimization Technique                                                     ; Balanced           ; Balanced           ;
; Carry Chain Length                                                         ; 70                 ; 70                 ;
; Auto Carry Chains                                                          ; On                 ; On                 ;
; Auto Open-Drain Pins                                                       ; On                 ; On                 ;
; Perform WYSIWYG Primitive Resynthesis                                      ; Off                ; Off                ;
; Auto ROM Replacement                                                       ; On                 ; On                 ;
; Auto RAM Replacement                                                       ; On                 ; On                 ;
; Auto DSP Block Replacement                                                 ; On                 ; On                 ;
; Auto Shift Register Replacement                                            ; Auto               ; Auto               ;
; Allow Shift Register Merging across Hierarchies                            ; Auto               ; Auto               ;
; Auto Clock Enable Replacement                                              ; On                 ; On                 ;
; Strict RAM Replacement                                                     ; Off                ; Off                ;
; Allow Synchronous Control Signals                                          ; On                 ; On                 ;
; Force Use of Synchronous Clear Signals                                     ; Off                ; Off                ;
; Auto RAM Block Balancing                                                   ; On                 ; On                 ;
; Auto RAM to Logic Cell Conversion                                          ; Off                ; Off                ;
; Auto Resource Sharing                                                      ; Off                ; Off                ;
; Allow Any RAM Size For Recognition                                         ; Off                ; Off                ;
; Allow Any ROM Size For Recognition                                         ; Off                ; Off                ;
; Allow Any Shift Register Size For Recognition                              ; Off                ; Off                ;
; Use LogicLock Constraints during Resource Balancing                        ; On                 ; On                 ;
; Ignore translate_off and synthesis_off directives                          ; Off                ; Off                ;
; Timing-Driven Synthesis                                                    ; On                 ; On                 ;
; Report Parameter Settings                                                  ; On                 ; On                 ;
; Report Source Assignments                                                  ; On                 ; On                 ;
; Report Connectivity Checks                                                 ; On                 ; On                 ;
; Ignore Maximum Fan-Out Assignments                                         ; Off                ; Off                ;
; Synchronization Register Chain Length                                      ; 2                  ; 2                  ;
; PowerPlay Power Optimization During Synthesis                              ; Normal compilation ; Normal compilation ;
; HDL message level                                                          ; Level2             ; Level2             ;
; Suppress Register Optimization Related Messages                            ; Off                ; Off                ;
; Number of Removed Registers Reported in Synthesis Report                   ; 5000               ; 5000               ;
; Number of Swept Nodes Reported in Synthesis Report                         ; 5000               ; 5000               ;
; Number of Inverted Registers Reported in Synthesis Report                  ; 100                ; 100                ;
; Clock MUX Protection                                                       ; On                 ; On                 ;
; Auto Gated Clock Conversion                                                ; Off                ; Off                ;
; Block Design Naming                                                        ; Auto               ; Auto               ;
; SDC constraint protection                                                  ; Off                ; Off                ;
; Synthesis Effort                                                           ; Auto               ; Auto               ;
; Shift Register Replacement - Allow Asynchronous Clear Signal               ; On                 ; On                 ;
; Pre-Mapping Resynthesis Optimization                                       ; Off                ; Off                ;
; Analysis & Synthesis Message Level                                         ; Medium             ; Medium             ;
; Disable Register Merging Across Hierarchies                                ; Auto               ; Auto               ;
; Resource Aware Inference For Block RAM                                     ; On                 ; On                 ;
; Synthesis Seed                                                             ; 1                  ; 1                  ;
+----------------------------------------------------------------------------+--------------------+--------------------+


+------------------------------------------+
; Parallel Compilation                     ;
+----------------------------+-------------+
; Processors                 ; Number      ;
+----------------------------+-------------+
; Number detected on machine ; 8           ;
; Maximum allowed            ; 4           ;
;                            ;             ;
; Average used               ; 1.00        ;
; Maximum used               ; 1           ;
;                            ;             ;
; Usage by Processor         ; % Time Used ;
;     Processor 1            ; 100.0%      ;
;     Processors 2-8         ;   0.0%      ;
+----------------------------+-------------+


+--------------------------------------------------------------------------------------------------------------------------+
; Analysis & Synthesis Source Files Read                                                                                   ;
+----------------------------------+-----------------+-----------------+-----------------------------------------+---------+
; File Name with User-Entered Path ; Used in Netlist ; File Type       ; File Name with Absolute Path            ; Library ;
+----------------------------------+-----------------+-----------------+-----------------------------------------+---------+
; Lab4.vhdl                        ; yes             ; User VHDL File  ; F:/altera/14.1/Lab4/Lab4.vhdl           ;         ;
; Lab4_RegA.vhdl                   ; yes             ; User VHDL File  ; F:/altera/14.1/Lab4/Lab4_RegA.vhdl      ;         ;
; Lab4_RegB.vhdl                   ; yes             ; User VHDL File  ; F:/altera/14.1/Lab4/Lab4_RegB.vhdl      ;         ;
; Lab4_RegC.vhdl                   ; yes             ; User VHDL File  ; F:/altera/14.1/Lab4/Lab4_RegC.vhdl      ;         ;
; Lab4_RegD.vhdl                   ; yes             ; User VHDL File  ; F:/altera/14.1/Lab4/Lab4_RegD.vhdl      ;         ;
; Lab4_Ctrl.vhdl                   ; yes             ; User VHDL File  ; F:/altera/14.1/Lab4/Lab4_Ctrl.vhdl      ;         ;
; Lab4_Adder.vhdl                  ; yes             ; User VHDL File  ; F:/altera/14.1/Lab4/Lab4_Adder.vhdl     ;         ;
; Lab4_RegA_Mux.vhdl               ; yes             ; User VHDL File  ; F:/altera/14.1/Lab4/Lab4_RegA_Mux.vhdl  ;         ;
; Lab4_Adder_Mux.vhdl              ; yes             ; User VHDL File  ; F:/altera/14.1/Lab4/Lab4_Adder_Mux.vhdl ;         ;
+----------------------------------+-----------------+-----------------+-----------------------------------------+---------+


+---------------------------------------------------------+
; Analysis & Synthesis Resource Usage Summary             ;
+---------------------------------------------+-----------+
; Resource                                    ; Usage     ;
+---------------------------------------------+-----------+
; Estimated Total logic elements              ; 195       ;
;                                             ;           ;
; Total combinational functions               ; 176       ;
; Logic element usage by number of LUT inputs ;           ;
;     -- 4 input functions                    ; 78        ;
;     -- 3 input functions                    ; 45        ;
;     -- <=2 input functions                  ; 53        ;
;                                             ;           ;
; Logic elements by mode                      ;           ;
;     -- normal mode                          ; 158       ;
;     -- arithmetic mode                      ; 18        ;
;                                             ;           ;
; Total registers                             ; 66        ;
;     -- Dedicated logic registers            ; 66        ;
;     -- I/O registers                        ; 0         ;
;                                             ;           ;
; I/O pins                                    ; 75        ;
;                                             ;           ;
; Embedded Multiplier 9-bit elements          ; 0         ;
;                                             ;           ;
; Maximum fan-out node                        ; clk~input ;
; Maximum fan-out                             ; 66        ;
; Total fan-out                               ; 860       ;
; Average fan-out                             ; 2.19      ;
+---------------------------------------------+-----------+


+---------------------------------------------------------------------------------------------------------------------------------------------------------------------------------------------------------------------------------------------+
; Analysis & Synthesis Resource Utilization by Entity                                                                                                                                                                                         ;
+-------------------------------------------------+-------------------+--------------+-------------+--------------+---------+-----------+------+--------------+----------------------------------------------------------------+--------------+
; Compilation Hierarchy Node                      ; LC Combinationals ; LC Registers ; Memory Bits ; DSP Elements ; DSP 9x9 ; DSP 18x18 ; Pins ; Virtual Pins ; Full Hierarchy Name                                            ; Library Name ;
+-------------------------------------------------+-------------------+--------------+-------------+--------------+---------+-----------+------+--------------+----------------------------------------------------------------+--------------+
; |Lab4                                           ; 176 (1)           ; 66 (0)       ; 0           ; 0            ; 0       ; 0         ; 75   ; 0            ; |Lab4                                                          ; work         ;
;    |Lab4_Adder:Adder|                           ; 33 (0)            ; 0 (0)        ; 0           ; 0            ; 0       ; 0         ; 0    ; 0            ; |Lab4|Lab4_Adder:Adder                                         ; work         ;
;       |One_Bit_Full_Adder:\Gen_Adder:0:AdderX|  ; 1 (1)             ; 0 (0)        ; 0           ; 0            ; 0       ; 0         ; 0    ; 0            ; |Lab4|Lab4_Adder:Adder|One_Bit_Full_Adder:\Gen_Adder:0:AdderX  ; work         ;
;       |One_Bit_Full_Adder:\Gen_Adder:10:AdderX| ; 2 (2)             ; 0 (0)        ; 0           ; 0            ; 0       ; 0         ; 0    ; 0            ; |Lab4|Lab4_Adder:Adder|One_Bit_Full_Adder:\Gen_Adder:10:AdderX ; work         ;
;       |One_Bit_Full_Adder:\Gen_Adder:11:AdderX| ; 1 (1)             ; 0 (0)        ; 0           ; 0            ; 0       ; 0         ; 0    ; 0            ; |Lab4|Lab4_Adder:Adder|One_Bit_Full_Adder:\Gen_Adder:11:AdderX ; work         ;
;       |One_Bit_Full_Adder:\Gen_Adder:12:AdderX| ; 3 (3)             ; 0 (0)        ; 0           ; 0            ; 0       ; 0         ; 0    ; 0            ; |Lab4|Lab4_Adder:Adder|One_Bit_Full_Adder:\Gen_Adder:12:AdderX ; work         ;
;       |One_Bit_Full_Adder:\Gen_Adder:13:AdderX| ; 2 (2)             ; 0 (0)        ; 0           ; 0            ; 0       ; 0         ; 0    ; 0            ; |Lab4|Lab4_Adder:Adder|One_Bit_Full_Adder:\Gen_Adder:13:AdderX ; work         ;
;       |One_Bit_Full_Adder:\Gen_Adder:15:AdderX| ; 5 (5)             ; 0 (0)        ; 0           ; 0            ; 0       ; 0         ; 0    ; 0            ; |Lab4|Lab4_Adder:Adder|One_Bit_Full_Adder:\Gen_Adder:15:AdderX ; work         ;
;       |One_Bit_Full_Adder:\Gen_Adder:16:AdderX| ; 2 (2)             ; 0 (0)        ; 0           ; 0            ; 0       ; 0         ; 0    ; 0            ; |Lab4|Lab4_Adder:Adder|One_Bit_Full_Adder:\Gen_Adder:16:AdderX ; work         ;
;       |One_Bit_Full_Adder:\Gen_Adder:17:AdderX| ; 1 (1)             ; 0 (0)        ; 0           ; 0            ; 0       ; 0         ; 0    ; 0            ; |Lab4|Lab4_Adder:Adder|One_Bit_Full_Adder:\Gen_Adder:17:AdderX ; work         ;
;       |One_Bit_Full_Adder:\Gen_Adder:18:AdderX| ; 2 (2)             ; 0 (0)        ; 0           ; 0            ; 0       ; 0         ; 0    ; 0            ; |Lab4|Lab4_Adder:Adder|One_Bit_Full_Adder:\Gen_Adder:18:AdderX ; work         ;
;       |One_Bit_Full_Adder:\Gen_Adder:1:AdderX|  ; 1 (1)             ; 0 (0)        ; 0           ; 0            ; 0       ; 0         ; 0    ; 0            ; |Lab4|Lab4_Adder:Adder|One_Bit_Full_Adder:\Gen_Adder:1:AdderX  ; work         ;
;       |One_Bit_Full_Adder:\Gen_Adder:2:AdderX|  ; 1 (1)             ; 0 (0)        ; 0           ; 0            ; 0       ; 0         ; 0    ; 0            ; |Lab4|Lab4_Adder:Adder|One_Bit_Full_Adder:\Gen_Adder:2:AdderX  ; work         ;
;       |One_Bit_Full_Adder:\Gen_Adder:3:AdderX|  ; 1 (1)             ; 0 (0)        ; 0           ; 0            ; 0       ; 0         ; 0    ; 0            ; |Lab4|Lab4_Adder:Adder|One_Bit_Full_Adder:\Gen_Adder:3:AdderX  ; work         ;
;       |One_Bit_Full_Adder:\Gen_Adder:4:AdderX|  ; 1 (1)             ; 0 (0)        ; 0           ; 0            ; 0       ; 0         ; 0    ; 0            ; |Lab4|Lab4_Adder:Adder|One_Bit_Full_Adder:\Gen_Adder:4:AdderX  ; work         ;
;       |One_Bit_Full_Adder:\Gen_Adder:5:AdderX|  ; 1 (1)             ; 0 (0)        ; 0           ; 0            ; 0       ; 0         ; 0    ; 0            ; |Lab4|Lab4_Adder:Adder|One_Bit_Full_Adder:\Gen_Adder:5:AdderX  ; work         ;
;       |One_Bit_Full_Adder:\Gen_Adder:6:AdderX|  ; 3 (3)             ; 0 (0)        ; 0           ; 0            ; 0       ; 0         ; 0    ; 0            ; |Lab4|Lab4_Adder:Adder|One_Bit_Full_Adder:\Gen_Adder:6:AdderX  ; work         ;
;       |One_Bit_Full_Adder:\Gen_Adder:7:AdderX|  ; 2 (2)             ; 0 (0)        ; 0           ; 0            ; 0       ; 0         ; 0    ; 0            ; |Lab4|Lab4_Adder:Adder|One_Bit_Full_Adder:\Gen_Adder:7:AdderX  ; work         ;
;       |One_Bit_Full_Adder:\Gen_Adder:8:AdderX|  ; 1 (1)             ; 0 (0)        ; 0           ; 0            ; 0       ; 0         ; 0    ; 0            ; |Lab4|Lab4_Adder:Adder|One_Bit_Full_Adder:\Gen_Adder:8:AdderX  ; work         ;
;       |One_Bit_Full_Adder:\Gen_Adder:9:AdderX|  ; 3 (3)             ; 0 (0)        ; 0           ; 0            ; 0       ; 0         ; 0    ; 0            ; |Lab4|Lab4_Adder:Adder|One_Bit_Full_Adder:\Gen_Adder:9:AdderX  ; work         ;
;    |Lab4_Ctrl:Ctrl|                             ; 4 (4)             ; 4 (4)        ; 0           ; 0            ; 0       ; 0         ; 0    ; 0            ; |Lab4|Lab4_Ctrl:Ctrl                                           ; work         ;
;    |Lab4_RegA:RegA|                             ; 0 (0)             ; 18 (18)      ; 0           ; 0            ; 0       ; 0         ; 0    ; 0            ; |Lab4|Lab4_RegA:RegA                                           ; work         ;
;    |Lab4_RegA_Mux:RegA_Mux|                     ; 75 (75)           ; 0 (0)        ; 0           ; 0            ; 0       ; 0         ; 0    ; 0            ; |Lab4|Lab4_RegA_Mux:RegA_Mux                                   ; work         ;
;    |Lab4_RegB:RegB|                             ; 20 (20)           ; 19 (19)      ; 0           ; 0            ; 0       ; 0         ; 0    ; 0            ; |Lab4|Lab4_RegB:RegB                                           ; work         ;
;    |Lab4_RegC:RegC|                             ; 35 (35)           ; 21 (21)      ; 0           ; 0            ; 0       ; 0         ; 0    ; 0            ; |Lab4|Lab4_RegC:RegC                                           ; work         ;
;    |Lab4_RegD:RegD|                             ; 8 (8)             ; 4 (4)        ; 0           ; 0            ; 0       ; 0         ; 0    ; 0            ; |Lab4|Lab4_RegD:RegD                                           ; work         ;
+-------------------------------------------------+-------------------+--------------+-------------+--------------+---------+-----------+------+--------------+----------------------------------------------------------------+--------------+
Note: For table entries with two numbers listed, the numbers in parentheses indicate the number of resources of the given type used by the specific entity alone. The numbers listed outside of parentheses indicate the total resources of the given type used by the specific entity and all of its sub-entities in the hierarchy.


Encoding Type:  One-Hot
+-------------------------------------------------+
; State Machine - |Lab4|Lab4_Ctrl:Ctrl|state      ;
+---------+---------+---------+---------+---------+
; Name    ; state.D ; state.C ; state.B ; state.A ;
+---------+---------+---------+---------+---------+
; state.A ; 0       ; 0       ; 0       ; 0       ;
; state.B ; 0       ; 0       ; 1       ; 1       ;
; state.C ; 0       ; 1       ; 0       ; 1       ;
; state.D ; 1       ; 0       ; 0       ; 1       ;
+---------+---------+---------+---------+---------+


+-------------------------------------------------------------------------------+
; Registers Removed During Synthesis                                            ;
+---------------------------------------+---------------------------------------+
; Register name                         ; Reason for Removal                    ;
+---------------------------------------+---------------------------------------+
; Lab4_RegA:RegA|output[18]             ; Merged with Lab4_RegA:RegA|output[17] ;
; Total Number of Removed Registers = 1 ;                                       ;
+---------------------------------------+---------------------------------------+


+------------------------------------------------------+
; General Register Statistics                          ;
+----------------------------------------------+-------+
; Statistic                                    ; Value ;
+----------------------------------------------+-------+
; Total registers                              ; 66    ;
; Number of registers using Synchronous Clear  ; 1     ;
; Number of registers using Synchronous Load   ; 1     ;
; Number of registers using Asynchronous Clear ; 0     ;
; Number of registers using Asynchronous Load  ; 0     ;
; Number of registers using Clock Enable       ; 61    ;
; Number of registers using Preset             ; 0     ;
+----------------------------------------------+-------+


+--------------------------------------------------------------------------------------------------------------------------------------------------+
; Multiplexer Restructuring Statistics (Restructuring Performed)                                                                                   ;
+--------------------+-----------+---------------+----------------------+------------------------+------------+------------------------------------+
; Multiplexer Inputs ; Bus Width ; Baseline Area ; Area if Restructured ; Saving if Restructured ; Registered ; Example Multiplexer Output         ;
+--------------------+-----------+---------------+----------------------+------------------------+------------+------------------------------------+
; 3:1                ; 18 bits   ; 36 LEs        ; 18 LEs               ; 18 LEs                 ; Yes        ; |Lab4|Lab4_RegB:RegB|output[7]     ;
; 3:1                ; 4 bits    ; 8 LEs         ; 4 LEs                ; 4 LEs                  ; Yes        ; |Lab4|Lab4_RegC:RegC|output[0]     ;
; 4:1                ; 4 bits    ; 8 LEs         ; 4 LEs                ; 4 LEs                  ; Yes        ; |Lab4|Lab4_RegD:RegD|counter[0]    ;
; 4:1                ; 16 bits   ; 32 LEs        ; 32 LEs               ; 0 LEs                  ; Yes        ; |Lab4|Lab4_RegC:RegC|output[9]     ;
; 6:1                ; 17 bits   ; 68 LEs        ; 51 LEs               ; 17 LEs                 ; No         ; |Lab4|Lab4_RegA_Mux:RegA_Mux|Mux17 ;
+--------------------+-----------+---------------+----------------------+------------------------+------------+------------------------------------+


+----------------------------------------------------------------------+
; Parameter Settings for User Entity Instance: Top-level Entity: |Lab4 ;
+----------------+-------+---------------------------------------------+
; Parameter Name ; Value ; Type                                        ;
+----------------+-------+---------------------------------------------+
; N              ; 18    ; Signed Integer                              ;
+----------------+-------+---------------------------------------------+
Note: In order to hide this table in the UI and the text report file, please set the "Show Parameter Settings in Synthesis Report" option in "Analysis and Synthesis Settings -> More Settings" to "Off".


+-------------------------------------------------------------+
; Parameter Settings for User Entity Instance: Lab4_Ctrl:Ctrl ;
+----------------+-------+------------------------------------+
; Parameter Name ; Value ; Type                               ;
+----------------+-------+------------------------------------+
; N              ; 18    ; Signed Integer                     ;
+----------------+-------+------------------------------------+
Note: In order to hide this table in the UI and the text report file, please set the "Show Parameter Settings in Synthesis Report" option in "Analysis and Synthesis Settings -> More Settings" to "Off".


+-------------------------------------------------------------+
; Parameter Settings for User Entity Instance: Lab4_RegA:RegA ;
+----------------+-------+------------------------------------+
; Parameter Name ; Value ; Type                               ;
+----------------+-------+------------------------------------+
; N              ; 18    ; Signed Integer                     ;
+----------------+-------+------------------------------------+
Note: In order to hide this table in the UI and the text report file, please set the "Show Parameter Settings in Synthesis Report" option in "Analysis and Synthesis Settings -> More Settings" to "Off".


+-------------------------------------------------------------+
; Parameter Settings for User Entity Instance: Lab4_RegB:RegB ;
+----------------+-------+------------------------------------+
; Parameter Name ; Value ; Type                               ;
+----------------+-------+------------------------------------+
; N              ; 18    ; Signed Integer                     ;
+----------------+-------+------------------------------------+
Note: In order to hide this table in the UI and the text report file, please set the "Show Parameter Settings in Synthesis Report" option in "Analysis and Synthesis Settings -> More Settings" to "Off".


+-------------------------------------------------------------+
; Parameter Settings for User Entity Instance: Lab4_RegC:RegC ;
+----------------+-------+------------------------------------+
; Parameter Name ; Value ; Type                               ;
+----------------+-------+------------------------------------+
; N              ; 18    ; Signed Integer                     ;
+----------------+-------+------------------------------------+
Note: In order to hide this table in the UI and the text report file, please set the "Show Parameter Settings in Synthesis Report" option in "Analysis and Synthesis Settings -> More Settings" to "Off".


+-------------------------------------------------------------+
; Parameter Settings for User Entity Instance: Lab4_RegD:RegD ;
+----------------+-------+------------------------------------+
; Parameter Name ; Value ; Type                               ;
+----------------+-------+------------------------------------+
; N              ; 18    ; Signed Integer                     ;
+----------------+-------+------------------------------------+
Note: In order to hide this table in the UI and the text report file, please set the "Show Parameter Settings in Synthesis Report" option in "Analysis and Synthesis Settings -> More Settings" to "Off".


+---------------------------------------------------------------------+
; Parameter Settings for User Entity Instance: Lab4_RegA_Mux:RegA_Mux ;
+----------------+-------+--------------------------------------------+
; Parameter Name ; Value ; Type                                       ;
+----------------+-------+--------------------------------------------+
; N              ; 18    ; Signed Integer                             ;
+----------------+-------+--------------------------------------------+
Note: In order to hide this table in the UI and the text report file, please set the "Show Parameter Settings in Synthesis Report" option in "Analysis and Synthesis Settings -> More Settings" to "Off".


+-----------------------------------------------------------------------+
; Parameter Settings for User Entity Instance: Lab4_Adder_Mux:Adder_Mux ;
+----------------+-------+----------------------------------------------+
; Parameter Name ; Value ; Type                                         ;
+----------------+-------+----------------------------------------------+
; N              ; 18    ; Signed Integer                               ;
+----------------+-------+----------------------------------------------+
Note: In order to hide this table in the UI and the text report file, please set the "Show Parameter Settings in Synthesis Report" option in "Analysis and Synthesis Settings -> More Settings" to "Off".


+---------------------------------------------------------------+
; Parameter Settings for User Entity Instance: Lab4_Adder:Adder ;
+----------------+-------+--------------------------------------+
; Parameter Name ; Value ; Type                                 ;
+----------------+-------+--------------------------------------+
; N              ; 18    ; Signed Integer                       ;
+----------------+-------+--------------------------------------+
Note: In order to hide this table in the UI and the text report file, please set the "Show Parameter Settings in Synthesis Report" option in "Analysis and Synthesis Settings -> More Settings" to "Off".


+-----------------------------------------------------------------------------------------------------------------+
; Port Connectivity Checks: "Lab4_Adder:Adder"                                                                    ;
+-------+--------+----------+-------------------------------------------------------------------------------------+
; Port  ; Type   ; Severity ; Details                                                                             ;
+-------+--------+----------+-------------------------------------------------------------------------------------+
; c_in  ; Input  ; Info     ; Stuck at GND                                                                        ;
; c_out ; Output ; Info     ; Connected to dangling logic. Logic that only feeds a dangling port will be removed. ;
+-------+--------+----------+-------------------------------------------------------------------------------------+


+------------------------------------------------+
; Port Connectivity Checks: "Lab4_RegD:RegD"     ;
+--------------+-------+----------+--------------+
; Port         ; Type  ; Severity ; Details      ;
+--------------+-------+----------+--------------+
; maxval[2..1] ; Input ; Info     ; Stuck at GND ;
; maxval[3]    ; Input ; Info     ; Stuck at VCC ;
; maxval[0]    ; Input ; Info     ; Stuck at VCC ;
+--------------+-------+----------+--------------+


+-----------------------------------------------------+
; Post-Synthesis Netlist Statistics for Top Partition ;
+-----------------------+-----------------------------+
; Type                  ; Count                       ;
+-----------------------+-----------------------------+
; boundary_port         ; 75                          ;
; cycloneiii_ff         ; 66                          ;
;     ENA               ; 60                          ;
;     ENA SCLR          ; 1                           ;
;     SLD               ; 1                           ;
;     plain             ; 4                           ;
; cycloneiii_lcell_comb ; 176                         ;
;     arith             ; 18                          ;
;         2 data inputs ; 18                          ;
;     normal            ; 158                         ;
;         1 data inputs ; 1                           ;
;         2 data inputs ; 34                          ;
;         3 data inputs ; 45                          ;
;         4 data inputs ; 78                          ;
;                       ;                             ;
; Max LUT depth         ; 16.10                       ;
; Average LUT depth     ; 7.61                        ;
+-----------------------+-----------------------------+


+-------------------------------+
; Elapsed Time Per Partition    ;
+----------------+--------------+
; Partition Name ; Elapsed Time ;
+----------------+--------------+
; Top            ; 00:00:00     ;
+----------------+--------------+


+-------------------------------+
; Analysis & Synthesis Messages ;
+-------------------------------+
Info: *******************************************************************
Info: Running Quartus II 64-Bit Analysis & Synthesis
    Info: Version 14.1.0 Build 186 12/03/2014 SJ Web Edition
    Info: Processing started: Tue Mar 17 11:54:01 2015
Info: Command: quartus_map --read_settings_files=on --write_settings_files=off Lab4 -c Lab4
Info (11104): Parallel Compilation has detected 8 hyper-threaded processors. However, the extra hyper-threaded processors will not be used by default. Parallel Compilation will use 4 of the 4 physical processors detected instead.
Info (12021): Found 2 design units, including 1 entities, in source file lab4.vhdl
    Info (12022): Found design unit 1: Lab4-Lab4_B
    Info (12023): Found entity 1: Lab4
Info (12021): Found 2 design units, including 1 entities, in source file lab4_rega.vhdl
    Info (12022): Found design unit 1: Lab4_RegA-Lab4_RegA_B
    Info (12023): Found entity 1: Lab4_RegA
Info (12021): Found 2 design units, including 1 entities, in source file lab4_regb.vhdl
    Info (12022): Found design unit 1: Lab4_RegB-Lab4_RegB_B
    Info (12023): Found entity 1: Lab4_RegB
Info (12021): Found 2 design units, including 1 entities, in source file lab4_regc.vhdl
    Info (12022): Found design unit 1: Lab4_RegC-Lab4_RegC_B
    Info (12023): Found entity 1: Lab4_RegC
Info (12021): Found 2 design units, including 1 entities, in source file lab4_regd.vhdl
    Info (12022): Found design unit 1: Lab4_RegD-Lab4_RegD_B
    Info (12023): Found entity 1: Lab4_RegD
Info (12021): Found 2 design units, including 1 entities, in source file lab4_ctrl.vhdl
    Info (12022): Found design unit 1: Lab4_Ctrl-Lab4_Ctrl_B
    Info (12023): Found entity 1: Lab4_Ctrl
Info (12021): Found 4 design units, including 2 entities, in source file lab4_adder.vhdl
    Info (12022): Found design unit 1: One_Bit_Full_Adder-One_Bit_Full_Adder_B
    Info (12022): Found design unit 2: Lab4_Adder-Lab4_Adder_B
    Info (12023): Found entity 1: One_Bit_Full_Adder
    Info (12023): Found entity 2: Lab4_Adder
Info (12021): Found 2 design units, including 1 entities, in source file lab4_rega_mux.vhdl
    Info (12022): Found design unit 1: Lab4_RegA_Mux-Lab4_RegA_Mux_B
    Info (12023): Found entity 1: Lab4_RegA_Mux
Info (12021): Found 2 design units, including 1 entities, in source file lab4_adder_mux.vhdl
    Info (12022): Found design unit 1: Lab4_Adder_Mux-Lab4_Adder_Mux_B
    Info (12023): Found entity 1: Lab4_Adder_Mux
Info (12021): Found 2 design units, including 1 entities, in source file lab4_ctrl_tst.vhdl
    Info (12022): Found design unit 1: Lab4_Ctrl_tst-Lab4_Ctrl_tst_B
    Info (12023): Found entity 1: Lab4_Ctrl_tst
Info (12021): Found 2 design units, including 1 entities, in source file lab4_shift_tst.vhdl
    Info (12022): Found design unit 1: Lab4_Shift_tst-Lab4_Shift_tst_B
    Info (12023): Found entity 1: Lab4_Shift_tst
Info (12127): Elaborating entity "Lab4" for the top level hierarchy
Info (12128): Elaborating entity "Lab4_Ctrl" for hierarchy "Lab4_Ctrl:Ctrl"
Info (12128): Elaborating entity "Lab4_RegA" for hierarchy "Lab4_RegA:RegA"
Info (12128): Elaborating entity "Lab4_RegB" for hierarchy "Lab4_RegB:RegB"
Info (12128): Elaborating entity "Lab4_RegC" for hierarchy "Lab4_RegC:RegC"
Info (12128): Elaborating entity "Lab4_RegD" for hierarchy "Lab4_RegD:RegD"
Warning (10492): VHDL Process Statement warning at Lab4_RegD.vhdl(52): signal "counter" is read inside the Process Statement but isn't in the Process Statement's sensitivity list
Info (12128): Elaborating entity "Lab4_RegA_Mux" for hierarchy "Lab4_RegA_Mux:RegA_Mux"
Info (12128): Elaborating entity "Lab4_Adder_Mux" for hierarchy "Lab4_Adder_Mux:Adder_Mux"
Info (12128): Elaborating entity "Lab4_Adder" for hierarchy "Lab4_Adder:Adder"
Info (12128): Elaborating entity "One_Bit_Full_Adder" for hierarchy "Lab4_Adder:Adder|One_Bit_Full_Adder:\Gen_Adder:0:AdderX"
Info (286030): Timing-Driven Synthesis is running
Info (16010): Generating hard_block partition "hard_block:auto_generated_inst"
    Info (16011): Adding 0 node(s), including 0 DDIO, 0 PLL, 0 transceiver and 0 LCELL
Info (21057): Implemented 270 device resources after synthesis - the final resource count might be different
    Info (21058): Implemented 38 input pins
    Info (21059): Implemented 37 output pins
    Info (21061): Implemented 195 logic cells
Info: Quartus II 64-Bit Analysis & Synthesis was successful. 0 errors, 1 warning
    Info: Peak virtual memory: 674 megabytes
    Info: Processing ended: Tue Mar 17 11:54:13 2015
    Info: Elapsed time: 00:00:12
    Info: Total CPU time (on all processors): 00:00:26


